<?xml version="1.0" encoding="UTF-8"?>
<!-- Generated by org.testng.reporters.JUnitReportReporter -->
<testsuite hostname="Kundan" failures="0" tests="1" name="cars.FerrariTest" time="0.015" errors="0" timestamp="2025-01-18T18:57:29 IST" skipped="0">
  <testcase classname="cars.FerrariTest" name="launch" time="0.015"/>
  <system-out>
    <![CDATA[FerrariTest Testcase passed]]>
  </system-out>
</testsuite> <!-- cars.FerrariTest -->
