<?xml version="1.0" encoding="UTF-8"?>
<!-- Generated by org.testng.reporters.JUnitReportReporter -->
<testsuite hostname="Kundan" failures="0" tests="1" name="cars.AudiTest" time="0.017" errors="0" timestamp="2025-01-18T18:56:35 IST" skipped="0">
  <testcase classname="cars.AudiTest" name="launch" time="0.017"/>
  <system-out>
    <![CDATA[AudiTest Testcase passed]]>
  </system-out>
</testsuite> <!-- cars.AudiTest -->
