<?xml version="1.0" encoding="UTF-8"?>
<!-- Generated by org.testng.reporters.JUnitReportReporter -->
<testsuite hostname="Kundan" failures="0" tests="1" name="extentReport.ToLearnCreateReport" time="0.680" errors="0" timestamp="2025-01-22T11:41:57 IST" skipped="0">
  <testcase classname="extentReport.ToLearnCreateReport" name="createReport" time="0.680"/>
  <system-out/>
</testsuite> <!-- extentReport.ToLearnCreateReport -->
