<?xml version="1.0" encoding="UTF-8"?>
<!-- Generated by org.testng.reporters.JUnitReportReporter -->
<testsuite hostname="Kundan" failures="0" tests="1" name="extentReport.ToAddScreenshotIntoReport" time="6.171" errors="0" timestamp="2025-01-22T11:40:36 IST" skipped="0">
  <testcase classname="extentReport.ToAddScreenshotIntoReport" name="addScreenshot" time="6.171"/>
  <system-out/>
</testsuite> <!-- extentReport.ToAddScreenshotIntoReport -->
