<?xml version="1.0" encoding="UTF-8"?>
<!-- Generated by org.testng.reporters.JUnitReportReporter -->
<testsuite hostname="Kundan" failures="0" tests="1" name="simple_maven.Sample" time="0.021" errors="0" timestamp="2025-01-17T12:01:40 IST" skipped="0">
  <testcase classname="simple_maven.Sample" name="launch" time="0.021"/>
  <system-out>
    <![CDATA[Sample class executed]]>
  </system-out>
</testsuite> <!-- simple_maven.Sample -->
