<?xml version="1.0" encoding="UTF-8"?>
<!-- Generated by org.testng.reporters.JUnitReportReporter -->
<testsuite hostname="Kundan" failures="0" tests="1" name="cars.LamboTest" time="0.014" errors="0" timestamp="2025-01-22T11:27:42 IST" skipped="0">
  <testcase classname="cars.LamboTest" name="launch" time="0.014"/>
  <system-out>
    <![CDATA[LamboTest Testcase passed]]>
  </system-out>
</testsuite> <!-- cars.LamboTest -->
